<?xml version="1.0" encoding="UTF-8"?>
<!-- Generated by org.testng.reporters.JUnitXMLReporter -->
<testsuite hostname="DESKTOP-H2Q1PN9" ignored="0" name="Test" tests="4" failures="1" timestamp="15 Sep 2020 10:25:29 GMT" time="88.361" errors="0">
  <testcase name="displayText" time="24.671" classname="com.framework.testCases.Login"/>
  <testcase name="verifyText" time="2.031" classname="com.framework.testCases.Login">
    <failure type="java.lang.AssertionError" message="expected [somu] but found [Introducing Work.com, a suite of solutions, expertise and resources to help you reopen safely.  ]">
      <![CDATA[java.lang.AssertionError: expected [somu] but found [Introducing Work.com, a suite of solutions, expertise and resources to help you reopen safely.  ]
	at com.framework.testCases.Login.verifyText(Login.java:91)
... Removed 35 stack frames]]>
    </failure>
  </testcase> <!-- verifyText -->
  <testcase name="login" time="30.192" classname="com.framework.testCases.Login"/>
  <testcase name="login" time="27.126" classname="com.framework.testCases.Login"/>
</testsuite> <!-- Test -->
