-------------------------------------------------------------------------------
Test set: TestSuite
-------------------------------------------------------------------------------
Tests run: 4, Failures: 1, Errors: 0, Skipped: 0, Time elapsed: 91.486 s <<< FAILURE! - in TestSuite
verifyText(com.framework.testCases.Login)  Time elapsed: 2.041 s  <<< FAILURE!
java.lang.AssertionError: expected [somu] but found [Introducing Work.com, a suite of solutions, expertise and resources to help you reopen safely.  ]
	at com.framework.testCases.Login.verifyText(Login.java:91)

