<?xml version="1.0" encoding="UTF-8"?>
<testsuite xmlns:xsi="http://www.w3.org/2001/XMLSchema-instance" xsi:noNamespaceSchemaLocation="https://maven.apache.org/surefire/maven-surefire-plugin/xsd/surefire-test-report.xsd" name="TestSuite" time="91.486" tests="4" errors="0" skipped="0" failures="1">
  <properties>
[...]
</properties>
  <testcase name="displayText" classname="com.framework.testCases.Login" time="24.671"/>
  <testcase name="verifyText" classname="com.framework.testCases.Login" time="2.041">
    <failure message="expected [somu] but found [Introducing Work.com, a suite of solutions, expertise and resources to help you reopen safely.  ]" type="java.lang.AssertionError">java.lang.AssertionError: expected [somu] but found [Introducing Work.com, a suite of solutions, expertise and resources to help you reopen safely.  ]
	at com.framework.testCases.Login.verifyText(Login.java:91)
</failure>
  </testcase>
  <testcase name="login" classname="com.framework.testCases.Login" time="30.196"/>
  <testcase name="login" classname="com.framework.testCases.Login" time="27.124"/>
</testsuite>